<?xml version="1.0" encoding="UTF-8"?>
<!-- Generated by org.testng.reporters.JUnitReportReporter -->
<testsuite skipped="0" hostname="DESKTOP-GDBLL9Q" name="org.kkk.ClassB" tests="1" failures="0" timestamp="29 Mar 2023 15:38:01 GMT" time="0.000" errors="0">
  <testcase name="test02" time="0.000" classname="org.kkk.ClassB"/>
</testsuite> <!-- org.kkk.ClassB -->
