<?xml version="1.0" encoding="UTF-8"?>
<!-- Generated by org.testng.reporters.JUnitReportReporter -->
<testsuite hostname="DESKTOP-GDBLL9Q" name="org.NewTest" tests="1" failures="0" timestamp="28 Mar 2023 15:47:10 GMT" time="0.070" errors="0">
  <testcase name="f" time="0.070" classname="org.NewTest"/>
</testsuite> <!-- org.NewTest -->
