<?xml version="1.0" encoding="UTF-8"?>
<!-- Generated by org.testng.reporters.JUnitReportReporter -->
<testsuite hostname="DESKTOP-GDBLL9Q" name="org.rks.Testng" tests="1" failures="0" timestamp="28 Mar 2023 16:32:20 GMT" time="0.081" errors="0">
  <testcase name="test9" time="0.081" classname="org.rks.Testng"/>
</testsuite> <!-- org.rks.Testng -->
