<?xml version="1.0" encoding="UTF-8"?>
<!-- Generated by org.testng.reporters.JUnitReportReporter -->
<testsuite skipped="0" hostname="DESKTOP-GDBLL9Q" name="org.kkk.ManulCorrection" tests="2" failures="0" timestamp="30 Mar 2023 03:58:13 GMT" time="0.032" errors="0">
  <testcase name="test4" time="0.000" classname="org.kkk.ManulCorrection"/>
  <testcase name="test2" time="0.032" classname="org.kkk.ManulCorrection"/>
</testsuite> <!-- org.kkk.ManulCorrection -->
