<?xml version="1.0" encoding="UTF-8"?>
<!-- Generated by org.testng.reporters.JUnitReportReporter -->
<testsuite skipped="0" hostname="DESKTOP-GDBLL9Q" name="org.kkk.Parameters" tests="1" failures="0" timestamp="29 Mar 2023 14:46:18 GMT" time="0.016" errors="0">
  <testcase name="test02" time="0.016" classname="org.kkk.Parameters"/>
</testsuite> <!-- org.kkk.Parameters -->
