<?xml version="1.0" encoding="UTF-8"?>
<!-- Generated by org.testng.reporters.JUnitReportReporter -->
<testsuite skipped="0" hostname="DESKTOP-GDBLL9Q" name="org.kkk.Testng" tests="5" failures="0" timestamp="29 Mar 2023 13:03:37 GMT" time="0.067" errors="0">
  <testcase name="test3" time="0.036" classname="org.kkk.Testng"/>
  <testcase name="test5" time="0.000" classname="org.kkk.Testng"/>
  <testcase name="test1" time="0.015" classname="org.kkk.Testng"/>
  <testcase name="test2" time="0.016" classname="org.kkk.Testng"/>
  <testcase name="test4" time="0.000" classname="org.kkk.Testng"/>
</testsuite> <!-- org.kkk.Testng -->
