<?xml version="1.0" encoding="UTF-8"?>
<!-- Generated by org.testng.reporters.JUnitReportReporter -->
<testsuite skipped="0" hostname="DESKTOP-GDBLL9Q" name="org.kkk.ClassA" tests="1" failures="0" timestamp="29 Mar 2023 15:38:01 GMT" time="0.016" errors="0">
  <testcase name="test01" time="0.016" classname="org.kkk.ClassA"/>
</testsuite> <!-- org.kkk.ClassA -->
